<?xml version="1.0" encoding="UTF-8"?>
<testsuite name="TratamentoTest" tests="9" skipped="0" failures="0" errors="0" timestamp="2019-01-14T00:09:11" hostname="LAPTOP-2ETMR67E" time="0.044">
  <properties/>
  <testcase name="tratamentoPalavras" classname="TratamentoTest" time="0.014"/>
  <testcase name="grauAcima" classname="TratamentoTest" time="0.007"/>
  <testcase name="remove" classname="TratamentoTest" time="0.001"/>
  <testcase name="matrizQ" classname="TratamentoTest" time="0.005"/>
  <testcase name="ordenado" classname="TratamentoTest" time="0.006"/>
  <testcase name="countforQ" classname="TratamentoTest" time="0.001"/>
  <testcase name="maximoFicheiros" classname="TratamentoTest" time="0.004"/>
  <testcase name="grauSimilariedade" classname="TratamentoTest" time="0.002"/>
  <testcase name="isFound" classname="TratamentoTest" time="0.002"/>
  <system-out><![CDATA[
 
Introduza o grau minimo de similariedade a  encontrar: 


 
Introduza a palavra a pesquisar: 


A palavra cenas esta presente em 0.0 ficheiros 

|-----------------|
|    Matriz Q:    |
|-----------------|

A palavra indicada nÃ£o se encontra em nenhum documento!

 
Introduza a palavra a pesquisar: 


 
Introduza a palavra a pesquisar: 


 
Introduza o maximo de ficheiros a pesquisar similariedade: 


Desordenado: 

Grau de similariedade com o documento 1.txt = NaN
]]></system-out>
  <system-err><![CDATA[]]></system-err>
</testsuite>
